#-----------------------------------------------------------
# Vivado v2015.2 (64-bit)
# SW Build 1266856 on Fri Jun 26 16:35:25 MDT 2015
# IP Build 1264090 on Wed Jun 24 14:22:01 MDT 2015
# Start of session at: Wed Nov 16 18:06:28 2016
# Process ID: 23237
# Log file: /afs/ece.cmu.edu/usr/suyashb/Private/545/z80_IP_Project/z80_IP_Project.srcs/sources_1/vivado.log
# Journal file: /afs/ece.cmu.edu/usr/suyashb/Private/545/z80_IP_Project/z80_IP_Project.srcs/sources_1/vivado.jou
#-----------------------------------------------------------
start_gui
open_project /afs/ece.cmu.edu/usr/suyashb/Private/545/mainProject/mainProject.xpr
Scanning sources...
Finished scanning sources
INFO: [IP_Flow 19-234] Refreshing IP repositories
INFO: [IP_Flow 19-1700] Loaded user IP repository '/afs/ece.cmu.edu/usr/suyashb/Private/545'.
WARNING: [IP_Flow 19-3656] If you move the project, the path for repository '/afs/ece.cmu.edu/usr/suyashb/Private/545' may become invalid. A better location for the repostory would be in a path adjacent to the project. (Current project location is '/afs/ece.cmu.edu/usr/suyashb/Private/545/mainProject'.)
INFO: [IP_Flow 19-2313] Loaded Vivado IP repository '/afs/ece.cmu.edu/support/xilinx/xilinx.release/Vivado-2015.2/Vivado/2015.2/data/ip'.
open_project: Time (s): cpu = 00:00:25 ; elapsed = 00:00:15 . Memory (MB): peak = 5978.059 ; gain = 124.895 ; free physical = 2553 ; free virtual = 16834
open_hw
connect_hw_server
INFO: [Labtools 27-2285] Connecting to hw_server url TCP:localhost:3121
INFO: [Labtools 27-2222] Launching hw_server...
INFO: [Labtools 27-2221] Launch Output:

****** Xilinx hw_server v2015.2
  **** Build date : Jun 26 2015-16:42:45
    ** Copyright 1986-1999, 2001-2015 Xilinx, Inc. All Rights Reserved.


open_hw_target [lindex [get_hw_targets -of_objects [get_hw_servers localhost]] 0]
INFO: [Labtoolstcl 44-466] Opening hw_target localhost:3121/xilinx_tcf/Xilinx/00001024278301
set_property PROGRAM.FILE {/afs/ece.cmu.edu/usr/suyashb/Private/545/mainProject/mainProject.runs/impl_1/project_top.bit} [lindex [get_hw_devices] 1]
set_property PROBES.FILE {/afs/ece.cmu.edu/usr/suyashb/Private/545/mainProject/mainProject.runs/impl_1/debug_nets.ltx} [lindex [get_hw_devices] 1]
current_hw_device [lindex [get_hw_devices] 1]
refresh_hw_device [lindex [get_hw_devices] 1]
INFO: [Labtools 27-2302] Device xc7z020 (JTAG device index = 1) is programmed with a design that has 1 ILA core(s).
display_hw_ila_data [ get_hw_ila_data hw_ila_data_1]
WARNING: Simulation object rom_corrupted was not found in the design.
WARNING: Simulation object interrupt_count was not found in the design.
WARNING: Simulation object VRAM_VGA_addr[0] was not found in the design.
WARNING: Simulation object VRAM_VGA_addr[1] was not found in the design.
WARNING: Simulation object VRAM_VGA_addr[2] was not found in the design.
WARNING: Simulation object VRAM_VGA_addr[3] was not found in the design.
WARNING: Simulation object VRAM_VGA_addr[4] was not found in the design.
WARNING: Simulation object VRAM_VGA_addr[5] was not found in the design.
WARNING: Simulation object VRAM_VGA_addr[6] was not found in the design.
WARNING: Simulation object VRAM_VGA_addr[7] was not found in the design.
WARNING: Simulation object VRAM_VGA_data_out[0] was not found in the design.
WARNING: Simulation object VRAM_VGA_data_out[1] was not found in the design.
WARNING: Simulation object VRAM_VGA_data_out[2] was not found in the design.
WARNING: Simulation object VRAM_VGA_data_out[3] was not found in the design.
WARNING: Simulation object VRAM_VGA_data_out[4] was not found in the design.
WARNING: Simulation object VRAM_VGA_data_out[5] was not found in the design.
WARNING: Simulation object VRAM_VGA_data_out[6] was not found in the design.
WARNING: Simulation object VRAM_VGA_data_out[7] was not found in the design.
set_property PROBES.FILE {/afs/ece.cmu.edu/usr/suyashb/Private/545/mainProject/mainProject.runs/impl_1/debug_nets.ltx} [lindex [get_hw_devices] 1]
set_property PROGRAM.FILE {/afs/ece.cmu.edu/usr/suyashb/Private/545/mainProject/mainProject.runs/impl_1/project_top.bit} [lindex [get_hw_devices] 1]
program_hw_devices [lindex [get_hw_devices] 1]
INFO: [Labtools 27-3164] End of startup status: HIGH
program_hw_devices: Time (s): cpu = 00:00:15 ; elapsed = 00:00:09 . Memory (MB): peak = 6090.289 ; gain = 0.000 ; free physical = 2484 ; free virtual = 16765
refresh_hw_device [lindex [get_hw_devices] 1]
INFO: [Labtools 27-2302] Device xc7z020 (JTAG device index = 1) is programmed with a design that has 1 ILA core(s).
set_property TRIGGER_COMPARE_VALUE eq1'bX [get_hw_probes MREQ_L -of_objects [get_hw_ilas hw_ila_1]]
set_property TRIGGER_COMPARE_VALUE eq1'bR [get_hw_probes clk_4 -of_objects [get_hw_ilas hw_ila_1]]
run_hw_ila hw_ila_1
INFO: [Labtools 27-1964] The ILA core 'hw_ila_1' trigger was armed at 2016-Nov-16 18:07:54
wait_on_hw_ila hw_ila_1
display_hw_ila_data [upload_hw_ila_data hw_ila_1]
INFO: [Labtools 27-1966] The ILA core 'hw_ila_1' triggered at 2016-Nov-16 18:07:54
add_wave -into {hw_ila_data_1.wcfg} -radix bin [get_hw_probes {clk_4}]
add_wave -into {hw_ila_data_1.wcfg} -radix hex [get_hw_probes {curr_state}]
set_property PROBES.FILE {/afs/ece.cmu.edu/usr/suyashb/Private/545/mainProject/mainProject.runs/impl_1/debug_nets.ltx} [lindex [get_hw_devices] 1]
set_property PROGRAM.FILE {/afs/ece.cmu.edu/usr/suyashb/Private/545/mainProject/mainProject.runs/impl_1/project_top.bit} [lindex [get_hw_devices] 1]
program_hw_devices [lindex [get_hw_devices] 1]
INFO: [Labtools 27-3164] End of startup status: HIGH
program_hw_devices: Time (s): cpu = 00:00:10 ; elapsed = 00:00:09 . Memory (MB): peak = 6098.426 ; gain = 0.000 ; free physical = 2480 ; free virtual = 16763
refresh_hw_device [lindex [get_hw_devices] 1]
INFO: [Labtools 27-2302] Device xc7z020 (JTAG device index = 1) is programmed with a design that has 1 ILA core(s).
run_hw_ila hw_ila_1
INFO: [Labtools 27-1964] The ILA core 'hw_ila_1' trigger was armed at 2016-Nov-16 18:13:57
wait_on_hw_ila hw_ila_1
display_hw_ila_data [upload_hw_ila_data hw_ila_1]
INFO: [Labtools 27-1966] The ILA core 'hw_ila_1' triggered at 2016-Nov-16 18:13:57
run_hw_ila hw_ila_1
INFO: [Labtools 27-1964] The ILA core 'hw_ila_1' trigger was armed at 2016-Nov-16 18:14:17
wait_on_hw_ila hw_ila_1
display_hw_ila_data [upload_hw_ila_data hw_ila_1]
INFO: [Labtools 27-1966] The ILA core 'hw_ila_1' triggered at 2016-Nov-16 18:14:18
set_property TRIGGER_COMPARE_VALUE eq1'b0 [get_hw_probes clk_4 -of_objects [get_hw_ilas hw_ila_1]]
set_property TRIGGER_COMPARE_VALUE eq1'bX [get_hw_probes clk_4 -of_objects [get_hw_ilas hw_ila_1]]
set_property TRIGGER_COMPARE_VALUE eq32'h0000_0000 [get_hw_probes curr_state -of_objects [get_hw_ilas hw_ila_1]]
run_hw_ila hw_ila_1
INFO: [Labtools 27-1964] The ILA core 'hw_ila_1' trigger was armed at 2016-Nov-16 18:15:28
wait_on_hw_ila hw_ila_1
display_hw_ila_data [upload_hw_ila_data hw_ila_1]
INFO: [Labtools 27-1966] The ILA core 'hw_ila_1' triggered at 2016-Nov-16 18:15:29
set_property CONTROL.TRIGGER_POSITION 0 [get_hw_ilas hw_ila_1]
run_hw_ila hw_ila_1
INFO: [Labtools 27-1964] The ILA core 'hw_ila_1' trigger was armed at 2016-Nov-16 18:15:51
wait_on_hw_ila hw_ila_1
display_hw_ila_data [upload_hw_ila_data hw_ila_1]
INFO: [Labtools 27-1966] The ILA core 'hw_ila_1' triggered at 2016-Nov-16 18:15:52
set_property CONTROL.TRIGGER_POSITION 1000 [get_hw_ilas hw_ila_1]
run_hw_ila hw_ila_1
INFO: [Labtools 27-1964] The ILA core 'hw_ila_1' trigger was armed at 2016-Nov-16 18:16:58
wait_on_hw_ila hw_ila_1
display_hw_ila_data [upload_hw_ila_data hw_ila_1]
INFO: [Labtools 27-1966] The ILA core 'hw_ila_1' triggered at 2016-Nov-16 18:16:58
expected floating-point number but got ""
save_wave_config {/afs/ece.cmu.edu/usr/suyashb/Private/545/mainProject/mainProject.hw/hw_1/wave/hw_ila_data_1/hw_ila_data_1.wcfg}
exit
INFO: [Common 17-206] Exiting Vivado at Wed Nov 16 18:18:26 2016...
